Using pre-set license
Built from '2020.3/staging' branch; Version is '2020.3.16f1 (049d6eca3c44) revision 302446'; Using compiler version '192528614'; Build Type 'Release'
OS: 'Windows 10 Enterprise; OS build 19042.928; Version 2009; 64bit' Language: 'en' Physical Memory: 16212 MB
BatchMode: 1, IsHumanControllingUs: 0, StartBugReporterOnCrash: 0, Is64bit: 1, IsPro: 0

 COMMAND LINE ARGUMENTS:
C:\Program Files\Unity\Hub\Editor\2020.3.16f1\Editor\Unity.exe
-adb2
-batchMode
-noUpm
-name
AssetImportWorker0
-projectPath
C:/Users/csmith13/Desktop/Unity Projects/Project 1
-logFile
Logs/AssetImportWorker0.log
-srvPort
52119
Successfully changed project path to: C:/Users/csmith13/Desktop/Unity Projects/Project 1
C:/Users/csmith13/Desktop/Unity Projects/Project 1
Using Asset Import Pipeline V2.
Refreshing native plugins compatible for Editor in 37.80 ms, found 2 plugins.
Preloading 0 native plugins for Editor in 0.00 ms.
Initialize engine version: 2020.3.16f1 (049d6eca3c44)
[Subsystems] Discovering subsystems at path C:/Program Files/Unity/Hub/Editor/2020.3.16f1/Editor/Data/Resources/UnitySubsystems
[Subsystems] Discovering subsystems at path C:/Users/csmith13/Desktop/Unity Projects/Project 1/Assets
GfxDevice: creating device client; threaded=0
Direct3D:
    Version:  Direct3D 11.0 [level 11.1]
    Renderer: Intel(R) UHD Graphics 620 (ID=0x5917)
    Vendor:   
    VRAM:     8106 MB
    Driver:   27.20.100.8681
Initialize mono
Mono path[0] = 'C:/Program Files/Unity/Hub/Editor/2020.3.16f1/Editor/Data/Managed'
Mono path[1] = 'C:/Program Files/Unity/Hub/Editor/2020.3.16f1/Editor/Data/MonoBleedingEdge/lib/mono/unityjit'
Mono config path = 'C:/Program Files/Unity/Hub/Editor/2020.3.16f1/Editor/Data/MonoBleedingEdge/etc'
Using monoOptions --debugger-agent=transport=dt_socket,embedding=1,server=y,suspend=n,address=127.0.0.1:56148
Begin MonoManager ReloadAssembly
Registering precompiled unity dll's ...
Register platform support module: C:/Program Files/Unity/Hub/Editor/2020.3.16f1/Editor/Data/PlaybackEngines/WebGLSupport/UnityEditor.WebGL.Extensions.dll
Register platform support module: C:/Program Files/Unity/Hub/Editor/2020.3.16f1/Editor/Data/PlaybackEngines/WindowsStandaloneSupport/UnityEditor.WindowsStandalone.Extensions.dll
Registered in 0.003660 seconds.
Native extension for WindowsStandalone target not found
Native extension for WebGL target not found
Refreshing native plugins compatible for Editor in 71.04 ms, found 2 plugins.
Preloading 0 native plugins for Editor in 0.00 ms.
Mono: successfully reloaded assembly
- Completed reload, in  2.720 seconds
Domain Reload Profiling:
	ReloadAssembly (2721ms)
		BeginReloadAssembly (103ms)
			ExecutionOrderSort (0ms)
			DisableScriptedObjects (0ms)
			BackupInstance (0ms)
			ReleaseScriptingObjects (0ms)
			CreateAndSetChildDomain (1ms)
		EndReloadAssembly (1067ms)
			LoadAssemblies (101ms)
			RebuildTransferFunctionScriptingTraits (0ms)
			SetupTypeCache (388ms)
			ReleaseScriptCaches (0ms)
			RebuildScriptCaches (101ms)
			SetupLoadedEditorAssemblies (374ms)
				LogAssemblyErrors (0ms)
				InitializePlatformSupportModulesInManaged (13ms)
				SetLoadedEditorAssemblies (1ms)
				RefreshPlugins (71ms)
				BeforeProcessingInitializeOnLoad (35ms)
				ProcessInitializeOnLoadAttributes (172ms)
				ProcessInitializeOnLoadMethodAttributes (82ms)
				AfterProcessingInitializeOnLoad (0ms)
				EditorAssembliesLoaded (0ms)
			ExecutionOrderSort2 (0ms)
			AwakeInstancesAfterBackupRestoration (0ms)
Platform modules already initialized, skipping
Registering precompiled user dll's ...
Registered in 0.021892 seconds.
Begin MonoManager ReloadAssembly
Native extension for WindowsStandalone target not found
Native extension for WebGL target not found
Refreshing native plugins compatible for Editor in 1.04 ms, found 2 plugins.
Preloading 0 native plugins for Editor in 0.00 ms.
Mono: successfully reloaded assembly
- Completed reload, in  1.984 seconds
Domain Reload Profiling:
	ReloadAssembly (1985ms)
		BeginReloadAssembly (253ms)
			ExecutionOrderSort (0ms)
			DisableScriptedObjects (8ms)
			BackupInstance (0ms)
			ReleaseScriptingObjects (0ms)
			CreateAndSetChildDomain (27ms)
		EndReloadAssembly (1618ms)
			LoadAssemblies (153ms)
			RebuildTransferFunctionScriptingTraits (0ms)
			SetupTypeCache (495ms)
			ReleaseScriptCaches (0ms)
			RebuildScriptCaches (84ms)
			SetupLoadedEditorAssemblies (693ms)
				LogAssemblyErrors (0ms)
				InitializePlatformSupportModulesInManaged (11ms)
				SetLoadedEditorAssemblies (1ms)
				RefreshPlugins (1ms)
				BeforeProcessingInitializeOnLoad (124ms)
				ProcessInitializeOnLoadAttributes (538ms)
				ProcessInitializeOnLoadMethodAttributes (7ms)
				AfterProcessingInitializeOnLoad (10ms)
				EditorAssembliesLoaded (1ms)
			ExecutionOrderSort2 (0ms)
			AwakeInstancesAfterBackupRestoration (13ms)
Platform modules already initialized, skipping
========================================================================
Worker process is ready to serve import requests
Launched and connected shader compiler UnityShaderCompiler.exe after 0.09 seconds
Refreshing native plugins compatible for Editor in 0.33 ms, found 2 plugins.
Preloading 0 native plugins for Editor in 0.00 ms.
Unloading 1398 Unused Serialized files (Serialized files now loaded: 0)
System memory in use before: 65.0 MB.
System memory in use after: 65.0 MB.

Unloading 18 unused Assets to reduce memory usage. Loaded Objects now: 1831.
Total: 4.216300 ms (FindLiveObjects: 0.201100 ms CreateObjectMapping: 0.072900 ms MarkObjects: 3.850000 ms  DeleteObjects: 0.091000 ms)

AssetImportParameters requested are different than current active one (requested -> active):
  custom:framework-win-MediaFoundation: 216162199b28c13a410421893ffa2e32 -> 
  custom:video-decoder-ogg-theora: a1e56fd34408186e4bbccfd4996cb3dc -> 
  custom:container-muxer-webm: aa71ff27fc2769a1b78a27578f13a17b -> 
  custom:container-demuxer-webm: 4f35f7cbe854078d1ac9338744f61a02 -> 
  custom:container-demuxer-ogg: 62fdf1f143b41e24485cea50d1cbac27 -> 
  custom:video-encoder-webm-vp8: eb34c28f22e8b96e1ab97ce403110664 -> 
  custom:video-decoder-webm-vp8: 9c59270c3fd7afecdb556c50c9e8de78 -> 
  custom:audio-decoder-ogg-vorbis: bf7c407c2cedff20999df2af8eb42d56 -> 
  custom:audio-encoder-webm-vorbis: bf7c407c2cedff20999df2af8eb42d56 -> 
========================================================================
Received Import Request.
  path: Assets/Prefabs
  artifactKey: Guid(7ea72af381863f74cadd6fd195668db5) Importer(815301076,1909f56bfc062723c751e8b465ee728b)
Start importing Assets/Prefabs using Guid(7ea72af381863f74cadd6fd195668db5) Importer(815301076,1909f56bfc062723c751e8b465ee728b)  -> (artifact id: 'f20572fcacbe58c5fa1700f2b01f46eb') in 0.007300 seconds 
  Import took 0.011519 seconds .

========================================================================
Received Import Request.
  Time since last request: 11.597531 seconds.
  path: Assets/Prefabs/smallHill.prefab
  artifactKey: Guid(f146563c6ce6bde45aa4072f952f3629) Importer(815301076,1909f56bfc062723c751e8b465ee728b)
Start importing Assets/Prefabs/smallHill.prefab using Guid(f146563c6ce6bde45aa4072f952f3629) Importer(815301076,1909f56bfc062723c751e8b465ee728b)  -> (artifact id: 'fd432311b7cfb7ff4538e8e933148a8d') in 0.200756 seconds 
  Import took 0.207383 seconds .

========================================================================
Received Import Request.
  Time since last request: 85.335526 seconds.
  path: Assets/Prefabs/Mushroom.prefab
  artifactKey: Guid(1a85bce8c229d854a846200de79306c5) Importer(815301076,1909f56bfc062723c751e8b465ee728b)
Start importing Assets/Prefabs/Mushroom.prefab using Guid(1a85bce8c229d854a846200de79306c5) Importer(815301076,1909f56bfc062723c751e8b465ee728b)  -> (artifact id: '1f4855ba3dfe2cd5396301ab4eea706e') in 0.020744 seconds 
  Import took 0.026912 seconds .

========================================================================
Received Import Request.
  Time since last request: 6.972975 seconds.
  path: Assets/Prefabs/EnvBranch.prefab
  artifactKey: Guid(129c58cea7d2a0b43add5297fccbd421) Importer(815301076,1909f56bfc062723c751e8b465ee728b)
Start importing Assets/Prefabs/EnvBranch.prefab using Guid(129c58cea7d2a0b43add5297fccbd421) Importer(815301076,1909f56bfc062723c751e8b465ee728b)  -> (artifact id: 'bfa9c38229a014cc0b69c8c6e9716ede') in 0.013575 seconds 
  Import took 0.018005 seconds .

========================================================================
Received Import Request.
  Time since last request: 4.018523 seconds.
  path: Assets/Prefabs/Stones.prefab
  artifactKey: Guid(014c9e620b441174fb91144d38ba88c5) Importer(815301076,1909f56bfc062723c751e8b465ee728b)
Start importing Assets/Prefabs/Stones.prefab using Guid(014c9e620b441174fb91144d38ba88c5) Importer(815301076,1909f56bfc062723c751e8b465ee728b)  -> (artifact id: '02e9b7ec242936e7670dbb03d1a1456d') in 0.018485 seconds 
  Import took 0.023698 seconds .

========================================================================
Received Import Request.
  Time since last request: 4.549610 seconds.
  path: Assets/Prefabs/Rock.prefab
  artifactKey: Guid(b26cc5fd9908a0442a82bc0f8921d3f3) Importer(815301076,1909f56bfc062723c751e8b465ee728b)
Start importing Assets/Prefabs/Rock.prefab using Guid(b26cc5fd9908a0442a82bc0f8921d3f3) Importer(815301076,1909f56bfc062723c751e8b465ee728b)  -> (artifact id: 'a258cd45f8f4662c31066fe7f0d6d68d') in 0.016962 seconds 
  Import took 0.021816 seconds .

========================================================================
Received Prepare
Registering precompiled user dll's ...
Registered in 0.009893 seconds.
Begin MonoManager ReloadAssembly
Native extension for WindowsStandalone target not found
Native extension for WebGL target not found
Refreshing native plugins compatible for Editor in 0.61 ms, found 2 plugins.
Preloading 0 native plugins for Editor in 0.00 ms.
Mono: successfully reloaded assembly
- Completed reload, in  2.935 seconds
Domain Reload Profiling:
	ReloadAssembly (2937ms)
		BeginReloadAssembly (402ms)
			ExecutionOrderSort (0ms)
			DisableScriptedObjects (25ms)
			BackupInstance (0ms)
			ReleaseScriptingObjects (0ms)
			CreateAndSetChildDomain (114ms)
		EndReloadAssembly (2341ms)
			LoadAssemblies (285ms)
			RebuildTransferFunctionScriptingTraits (0ms)
			SetupTypeCache (788ms)
			ReleaseScriptCaches (1ms)
			RebuildScriptCaches (95ms)
			SetupLoadedEditorAssemblies (1021ms)
				LogAssemblyErrors (0ms)
				InitializePlatformSupportModulesInManaged (13ms)
				SetLoadedEditorAssemblies (1ms)
				RefreshPlugins (1ms)
				BeforeProcessingInitializeOnLoad (172ms)
				ProcessInitializeOnLoadAttributes (806ms)
				ProcessInitializeOnLoadMethodAttributes (9ms)
				AfterProcessingInitializeOnLoad (19ms)
				EditorAssembliesLoaded (0ms)
			ExecutionOrderSort2 (0ms)
			AwakeInstancesAfterBackupRestoration (15ms)
Platform modules already initialized, skipping
Refreshing native plugins compatible for Editor in 0.63 ms, found 2 plugins.
Preloading 0 native plugins for Editor in 0.00 ms.
Unloading 1392 Unused Serialized files (Serialized files now loaded: 0)
System memory in use before: 67.9 MB.
System memory in use after: 68.0 MB.

Unloading 13 unused Assets to reduce memory usage. Loaded Objects now: 1840.
Total: 4.505700 ms (FindLiveObjects: 0.207100 ms CreateObjectMapping: 0.060200 ms MarkObjects: 4.203200 ms  DeleteObjects: 0.033300 ms)

AssetImportParameters requested are different than current active one (requested -> active):
  custom:framework-win-MediaFoundation: 216162199b28c13a410421893ffa2e32 -> 
  custom:video-decoder-ogg-theora: a1e56fd34408186e4bbccfd4996cb3dc -> 
  custom:container-muxer-webm: aa71ff27fc2769a1b78a27578f13a17b -> 
  custom:container-demuxer-webm: 4f35f7cbe854078d1ac9338744f61a02 -> 
  custom:container-demuxer-ogg: 62fdf1f143b41e24485cea50d1cbac27 -> 
  custom:video-encoder-webm-vp8: eb34c28f22e8b96e1ab97ce403110664 -> 
  custom:video-decoder-webm-vp8: 9c59270c3fd7afecdb556c50c9e8de78 -> 
  custom:audio-decoder-ogg-vorbis: bf7c407c2cedff20999df2af8eb42d56 -> 
  custom:audio-encoder-webm-vorbis: bf7c407c2cedff20999df2af8eb42d56 -> 
========================================================================
Received Import Request.
  Time since last request: 134.451692 seconds.
  path: Assets/Prefabs/Clouds.prefab
  artifactKey: Guid(d97edd2d301b2c84ca3f68f91d32b526) Importer(815301076,1909f56bfc062723c751e8b465ee728b)
Start importing Assets/Prefabs/Clouds.prefab using Guid(d97edd2d301b2c84ca3f68f91d32b526) Importer(815301076,1909f56bfc062723c751e8b465ee728b)  -> (artifact id: 'dcecdec6df777755dd9e0df4f6925755') in 0.111533 seconds 
  Import took 0.129258 seconds .

========================================================================
Received Import Request.
  Time since last request: 808.864780 seconds.
  path: Assets/Prefabs/House.prefab
  artifactKey: Guid(52978a212d731e14dae4b1c0c54d7bc9) Importer(815301076,1909f56bfc062723c751e8b465ee728b)
Start importing Assets/Prefabs/House.prefab using Guid(52978a212d731e14dae4b1c0c54d7bc9) Importer(815301076,1909f56bfc062723c751e8b465ee728b)  -> (artifact id: '9363e634da012b453aeaabef26252083') in 0.057460 seconds 
  Import took 0.071392 seconds .

========================================================================
Received Import Request.
  Time since last request: 180.472030 seconds.
  path: Assets/Prefabs/EnvBranch.prefab
  artifactKey: Guid(129c58cea7d2a0b43add5297fccbd421) Importer(815301076,1909f56bfc062723c751e8b465ee728b)
Start importing Assets/Prefabs/EnvBranch.prefab using Guid(129c58cea7d2a0b43add5297fccbd421) Importer(815301076,1909f56bfc062723c751e8b465ee728b)  -> (artifact id: '1d128636d09b30548e8954a6e16d9746') in 0.019063 seconds 
  Import took 0.022313 seconds .

========================================================================
Received Import Request.
  Time since last request: 28.348627 seconds.
  path: Assets/Prefabs/EnvBranch.prefab
  artifactKey: Guid(129c58cea7d2a0b43add5297fccbd421) Importer(815301076,1909f56bfc062723c751e8b465ee728b)
Start importing Assets/Prefabs/EnvBranch.prefab using Guid(129c58cea7d2a0b43add5297fccbd421) Importer(815301076,1909f56bfc062723c751e8b465ee728b)  -> (artifact id: '0bac9ea153cf369743e8af747effa222') in 0.054982 seconds 
  Import took 0.064885 seconds .

========================================================================
Received Import Request.
  Time since last request: 14.689113 seconds.
  path: Assets/Prefabs/EnvBranch.prefab
  artifactKey: Guid(129c58cea7d2a0b43add5297fccbd421) Importer(815301076,1909f56bfc062723c751e8b465ee728b)
Start importing Assets/Prefabs/EnvBranch.prefab using Guid(129c58cea7d2a0b43add5297fccbd421) Importer(815301076,1909f56bfc062723c751e8b465ee728b)  -> (artifact id: '02d346b818face483ded9a0fd6f6a6b8') in 0.020391 seconds 
  Import took 0.024818 seconds .

========================================================================
Received Import Request.
  Time since last request: 7.408096 seconds.
  path: Assets/Prefabs/EnvBranch.prefab
  artifactKey: Guid(129c58cea7d2a0b43add5297fccbd421) Importer(815301076,1909f56bfc062723c751e8b465ee728b)
Start importing Assets/Prefabs/EnvBranch.prefab using Guid(129c58cea7d2a0b43add5297fccbd421) Importer(815301076,1909f56bfc062723c751e8b465ee728b)  -> (artifact id: 'e4347ed18e03abe4f17ecf956160e559') in 0.014438 seconds 
  Import took 0.017529 seconds .

========================================================================
Received Import Request.
  Time since last request: 9.120217 seconds.
  path: Assets/Prefabs/EnvBranch.prefab
  artifactKey: Guid(129c58cea7d2a0b43add5297fccbd421) Importer(815301076,1909f56bfc062723c751e8b465ee728b)
Start importing Assets/Prefabs/EnvBranch.prefab using Guid(129c58cea7d2a0b43add5297fccbd421) Importer(815301076,1909f56bfc062723c751e8b465ee728b)  -> (artifact id: '4fb89d4c5207041436712fbb5cd87d4a') in 0.036655 seconds 
  Import took 0.045415 seconds .

========================================================================
Received Import Request.
  Time since last request: 10.593238 seconds.
  path: Assets/Prefabs/EnvBranch.prefab
  artifactKey: Guid(129c58cea7d2a0b43add5297fccbd421) Importer(815301076,1909f56bfc062723c751e8b465ee728b)
Start importing Assets/Prefabs/EnvBranch.prefab using Guid(129c58cea7d2a0b43add5297fccbd421) Importer(815301076,1909f56bfc062723c751e8b465ee728b)  -> (artifact id: '276daa713f1aaf105b76e46c95b7c119') in 0.023191 seconds 
  Import took 0.030740 seconds .

========================================================================
Received Import Request.
  Time since last request: 3.720424 seconds.
  path: Assets/Prefabs/EnvBranch.prefab
  artifactKey: Guid(129c58cea7d2a0b43add5297fccbd421) Importer(815301076,1909f56bfc062723c751e8b465ee728b)
Start importing Assets/Prefabs/EnvBranch.prefab using Guid(129c58cea7d2a0b43add5297fccbd421) Importer(815301076,1909f56bfc062723c751e8b465ee728b)  -> (artifact id: '512deb0fd7d4fc44b16d83af22767d61') in 0.021136 seconds 
  Import took 0.026806 seconds .

========================================================================
Received Import Request.
  Time since last request: 8.308356 seconds.
  path: Assets/Prefabs/EnvBranch.prefab
  artifactKey: Guid(129c58cea7d2a0b43add5297fccbd421) Importer(815301076,1909f56bfc062723c751e8b465ee728b)
Start importing Assets/Prefabs/EnvBranch.prefab using Guid(129c58cea7d2a0b43add5297fccbd421) Importer(815301076,1909f56bfc062723c751e8b465ee728b)  -> (artifact id: 'f9f9346864afd9e343986c0f63253b25') in 0.023033 seconds 
  Import took 0.028544 seconds .

========================================================================
Received Import Request.
  Time since last request: 2.400030 seconds.
  path: Assets/Prefabs/EnvBranch.prefab
  artifactKey: Guid(129c58cea7d2a0b43add5297fccbd421) Importer(815301076,1909f56bfc062723c751e8b465ee728b)
Start importing Assets/Prefabs/EnvBranch.prefab using Guid(129c58cea7d2a0b43add5297fccbd421) Importer(815301076,1909f56bfc062723c751e8b465ee728b)  -> (artifact id: '4e8dbf162e9df04df05517ca5efee0c4') in 0.016023 seconds 
  Import took 0.020939 seconds .

========================================================================
Received Import Request.
  Time since last request: 19.489788 seconds.
  path: Assets/Prefabs/EnvBranch.prefab
  artifactKey: Guid(129c58cea7d2a0b43add5297fccbd421) Importer(815301076,1909f56bfc062723c751e8b465ee728b)
Start importing Assets/Prefabs/EnvBranch.prefab using Guid(129c58cea7d2a0b43add5297fccbd421) Importer(815301076,1909f56bfc062723c751e8b465ee728b)  -> (artifact id: 'df7b9eaf0f47412a203e2f615472b429') in 0.029648 seconds 
  Import took 0.036439 seconds .

========================================================================
Received Import Request.
  Time since last request: 3.783878 seconds.
  path: Assets/Prefabs/EnvBranch.prefab
  artifactKey: Guid(129c58cea7d2a0b43add5297fccbd421) Importer(815301076,1909f56bfc062723c751e8b465ee728b)
Start importing Assets/Prefabs/EnvBranch.prefab using Guid(129c58cea7d2a0b43add5297fccbd421) Importer(815301076,1909f56bfc062723c751e8b465ee728b)  -> (artifact id: 'aef087fb91d3b8a31d95b3a2cd23d7f6') in 0.019343 seconds 
  Import took 0.027485 seconds .

========================================================================
Received Import Request.
  Time since last request: 11.398471 seconds.
  path: Assets/Prefabs/EnvBranch.prefab
  artifactKey: Guid(129c58cea7d2a0b43add5297fccbd421) Importer(815301076,1909f56bfc062723c751e8b465ee728b)
Start importing Assets/Prefabs/EnvBranch.prefab using Guid(129c58cea7d2a0b43add5297fccbd421) Importer(815301076,1909f56bfc062723c751e8b465ee728b)  -> (artifact id: 'e2d05e56a4ce997de04188080a7baae1') in 0.025682 seconds 
  Import took 0.031462 seconds .

========================================================================
Received Import Request.
  Time since last request: 19.731790 seconds.
  path: Assets/Material/Tree.mat
  artifactKey: Guid(2e7a7218d29323242a1bc4cf673d8f8f) Importer(815301076,1909f56bfc062723c751e8b465ee728b)
Start importing Assets/Material/Tree.mat using Guid(2e7a7218d29323242a1bc4cf673d8f8f) Importer(815301076,1909f56bfc062723c751e8b465ee728b)  -> (artifact id: '4595b6f5c3efedbca474c01b655289ae') in 0.060972 seconds 
  Import took 0.066171 seconds .

========================================================================
Received Import Request.
  Time since last request: 28.896504 seconds.
  path: Assets/Material/Tree.mat
  artifactKey: Guid(2e7a7218d29323242a1bc4cf673d8f8f) Importer(815301076,1909f56bfc062723c751e8b465ee728b)
Start importing Assets/Material/Tree.mat using Guid(2e7a7218d29323242a1bc4cf673d8f8f) Importer(815301076,1909f56bfc062723c751e8b465ee728b)  -> (artifact id: '8214b53d6982ce0a16fc164534631dcb') in 0.034072 seconds 
  Import took 0.041574 seconds .

========================================================================
Received Import Request.
  Time since last request: 55.062065 seconds.
  path: Assets/Prefabs/EnvBranch.prefab
  artifactKey: Guid(129c58cea7d2a0b43add5297fccbd421) Importer(815301076,1909f56bfc062723c751e8b465ee728b)
Start importing Assets/Prefabs/EnvBranch.prefab using Guid(129c58cea7d2a0b43add5297fccbd421) Importer(815301076,1909f56bfc062723c751e8b465ee728b)  -> (artifact id: '016eb00ace847dfa807551bff89070ee') in 0.018784 seconds 
  Import took 0.023264 seconds .

========================================================================
Received Prepare
Registering precompiled user dll's ...
Registered in 0.014759 seconds.
Begin MonoManager ReloadAssembly
Native extension for WindowsStandalone target not found
Native extension for WebGL target not found
Refreshing native plugins compatible for Editor in 0.55 ms, found 2 plugins.
Preloading 0 native plugins for Editor in 0.00 ms.
Mono: successfully reloaded assembly
- Completed reload, in  3.129 seconds
Domain Reload Profiling:
	ReloadAssembly (3131ms)
		BeginReloadAssembly (276ms)
			ExecutionOrderSort (0ms)
			DisableScriptedObjects (12ms)
			BackupInstance (0ms)
			ReleaseScriptingObjects (0ms)
			CreateAndSetChildDomain (54ms)
		EndReloadAssembly (2661ms)
			LoadAssemblies (248ms)
			RebuildTransferFunctionScriptingTraits (0ms)
			SetupTypeCache (861ms)
			ReleaseScriptCaches (1ms)
			RebuildScriptCaches (110ms)
			SetupLoadedEditorAssemblies (1231ms)
				LogAssemblyErrors (0ms)
				InitializePlatformSupportModulesInManaged (18ms)
				SetLoadedEditorAssemblies (1ms)
				RefreshPlugins (1ms)
				BeforeProcessingInitializeOnLoad (154ms)
				ProcessInitializeOnLoadAttributes (992ms)
				ProcessInitializeOnLoadMethodAttributes (20ms)
				AfterProcessingInitializeOnLoad (43ms)
				EditorAssembliesLoaded (2ms)
			ExecutionOrderSort2 (0ms)
			AwakeInstancesAfterBackupRestoration (59ms)
Platform modules already initialized, skipping
Refreshing native plugins compatible for Editor in 0.52 ms, found 2 plugins.
Preloading 0 native plugins for Editor in 0.00 ms.
Unloading 1392 Unused Serialized files (Serialized files now loaded: 0)
System memory in use before: 68.2 MB.
System memory in use after: 68.3 MB.

Unloading 14 unused Assets to reduce memory usage. Loaded Objects now: 1878.
Total: 9.046300 ms (FindLiveObjects: 0.409100 ms CreateObjectMapping: 0.146200 ms MarkObjects: 8.419300 ms  DeleteObjects: 0.067500 ms)

AssetImportParameters requested are different than current active one (requested -> active):
  custom:framework-win-MediaFoundation: 216162199b28c13a410421893ffa2e32 -> 
  custom:video-decoder-ogg-theora: a1e56fd34408186e4bbccfd4996cb3dc -> 
  custom:container-muxer-webm: aa71ff27fc2769a1b78a27578f13a17b -> 
  custom:container-demuxer-webm: 4f35f7cbe854078d1ac9338744f61a02 -> 
  custom:container-demuxer-ogg: 62fdf1f143b41e24485cea50d1cbac27 -> 
  custom:video-encoder-webm-vp8: eb34c28f22e8b96e1ab97ce403110664 -> 
  custom:video-decoder-webm-vp8: 9c59270c3fd7afecdb556c50c9e8de78 -> 
  custom:audio-decoder-ogg-vorbis: bf7c407c2cedff20999df2af8eb42d56 -> 
  custom:audio-encoder-webm-vorbis: bf7c407c2cedff20999df2af8eb42d56 -> 
========================================================================
Received Prepare
Registering precompiled user dll's ...
Registered in 0.019040 seconds.
Begin MonoManager ReloadAssembly
Native extension for WindowsStandalone target not found
Native extension for WebGL target not found
Refreshing native plugins compatible for Editor in 0.38 ms, found 2 plugins.
Preloading 0 native plugins for Editor in 0.00 ms.
Mono: successfully reloaded assembly
- Completed reload, in  3.359 seconds
Domain Reload Profiling:
	ReloadAssembly (3360ms)
		BeginReloadAssembly (328ms)
			ExecutionOrderSort (0ms)
			DisableScriptedObjects (11ms)
			BackupInstance (0ms)
			ReleaseScriptingObjects (0ms)
			CreateAndSetChildDomain (86ms)
		EndReloadAssembly (2905ms)
			LoadAssemblies (295ms)
			RebuildTransferFunctionScriptingTraits (0ms)
			SetupTypeCache (1034ms)
			ReleaseScriptCaches (4ms)
			RebuildScriptCaches (211ms)
			SetupLoadedEditorAssemblies (1019ms)
				LogAssemblyErrors (0ms)
				InitializePlatformSupportModulesInManaged (7ms)
				SetLoadedEditorAssemblies (0ms)
				RefreshPlugins (0ms)
				BeforeProcessingInitializeOnLoad (186ms)
				ProcessInitializeOnLoadAttributes (800ms)
				ProcessInitializeOnLoadMethodAttributes (8ms)
				AfterProcessingInitializeOnLoad (16ms)
				EditorAssembliesLoaded (1ms)
			ExecutionOrderSort2 (0ms)
			AwakeInstancesAfterBackupRestoration (16ms)
Platform modules already initialized, skipping
Refreshing native plugins compatible for Editor in 0.51 ms, found 2 plugins.
Preloading 0 native plugins for Editor in 0.00 ms.
Unloading 1392 Unused Serialized files (Serialized files now loaded: 0)
System memory in use before: 68.2 MB.
System memory in use after: 68.3 MB.

Unloading 13 unused Assets to reduce memory usage. Loaded Objects now: 1880.
Total: 4.931700 ms (FindLiveObjects: 0.217700 ms CreateObjectMapping: 0.062400 ms MarkObjects: 4.618600 ms  DeleteObjects: 0.031100 ms)

AssetImportParameters requested are different than current active one (requested -> active):
  custom:framework-win-MediaFoundation: 216162199b28c13a410421893ffa2e32 -> 
  custom:video-decoder-ogg-theora: a1e56fd34408186e4bbccfd4996cb3dc -> 
  custom:container-muxer-webm: aa71ff27fc2769a1b78a27578f13a17b -> 
  custom:container-demuxer-webm: 4f35f7cbe854078d1ac9338744f61a02 -> 
  custom:container-demuxer-ogg: 62fdf1f143b41e24485cea50d1cbac27 -> 
  custom:video-encoder-webm-vp8: eb34c28f22e8b96e1ab97ce403110664 -> 
  custom:video-decoder-webm-vp8: 9c59270c3fd7afecdb556c50c9e8de78 -> 
  custom:audio-decoder-ogg-vorbis: bf7c407c2cedff20999df2af8eb42d56 -> 
  custom:audio-encoder-webm-vorbis: bf7c407c2cedff20999df2af8eb42d56 -> 
========================================================================
Received Import Request.
  Time since last request: 702.595023 seconds.
  path: Assets/Crate
  artifactKey: Guid(53a22f1e4b119f44bb7e70d4e75629ec) Importer(815301076,1909f56bfc062723c751e8b465ee728b)
Start importing Assets/Crate using Guid(53a22f1e4b119f44bb7e70d4e75629ec) Importer(815301076,1909f56bfc062723c751e8b465ee728b)  -> (artifact id: '9fff3b70baa31e73ee93e6d9212908b3') in 0.016147 seconds 
  Import took 0.026693 seconds .

========================================================================
Received Import Request.
  Time since last request: 79.566462 seconds.
  path: Assets/Texture
  artifactKey: Guid(ed849fa605319bb4eb6cc8607456bcf1) Importer(815301076,1909f56bfc062723c751e8b465ee728b)
Start importing Assets/Texture using Guid(ed849fa605319bb4eb6cc8607456bcf1) Importer(815301076,1909f56bfc062723c751e8b465ee728b)  -> (artifact id: '1fb8c7327e04d3e3580507d0c65068cc') in 0.004500 seconds 
  Import took 0.013753 seconds .

========================================================================
Received Import Request.
  Time since last request: 0.003001 seconds.
  path: Assets/Texture
  artifactKey: Guid(ed849fa605319bb4eb6cc8607456bcf1) Importer(815301076,1909f56bfc062723c751e8b465ee728b)
Start importing Assets/Texture using Guid(ed849fa605319bb4eb6cc8607456bcf1) Importer(815301076,1909f56bfc062723c751e8b465ee728b)  -> (artifact id: '1fb8c7327e04d3e3580507d0c65068cc') in 0.003628 seconds 
  Import took 0.007187 seconds .

========================================================================
Received Import Request.
  Time since last request: 11.216243 seconds.
  path: Assets/Texture/textures
  artifactKey: Guid(b51284f0147ec694cbb90b5168888735) Importer(815301076,1909f56bfc062723c751e8b465ee728b)
Start importing Assets/Texture/textures using Guid(b51284f0147ec694cbb90b5168888735) Importer(815301076,1909f56bfc062723c751e8b465ee728b)  -> (artifact id: '052206c798351de1fa460141a45930fa') in 0.005695 seconds 
  Import took 0.010224 seconds .

========================================================================
Received Import Request.
  Time since last request: 0.110422 seconds.
  path: Assets/Texture/textures/crate_ao.png
  artifactKey: Guid(80ed6b9f3dfc3584e88b0c90efb6a93e) Importer(815301076,1909f56bfc062723c751e8b465ee728b)
Start importing Assets/Texture/textures/crate_ao.png using Guid(80ed6b9f3dfc3584e88b0c90efb6a93e) Importer(815301076,1909f56bfc062723c751e8b465ee728b)  -> (artifact id: '1789f2fc28f5d81640a20fae1b1166c9') in 0.397825 seconds 
  Import took 0.408221 seconds .

========================================================================
Received Import Request.
  Time since last request: 0.000855 seconds.
  path: Assets/Texture/textures/crate_normal.png
  artifactKey: Guid(7d7ba21a14ea42a47bf458267b1766cb) Importer(815301076,1909f56bfc062723c751e8b465ee728b)
Start importing Assets/Texture/textures/crate_normal.png using Guid(7d7ba21a14ea42a47bf458267b1766cb) Importer(815301076,1909f56bfc062723c751e8b465ee728b)  -> (artifact id: 'edc7e38605a1777aca61ec00f1195b9c') in 0.018829 seconds 
  Import took 0.026744 seconds .

========================================================================
Received Import Request.
  Time since last request: 24.793464 seconds.
  path: Assets/Models for Class/LP_Crate.fbx
  artifactKey: Guid(042671f42913c864e8f00984f63e53f8) Importer(815301076,1909f56bfc062723c751e8b465ee728b)
Start importing Assets/Models for Class/LP_Crate.fbx using Guid(042671f42913c864e8f00984f63e53f8) Importer(815301076,1909f56bfc062723c751e8b465ee728b)  -> (artifact id: '3faa928bc35c0c0039435903e4bdbdcc') in 0.127899 seconds 
  Import took 0.131772 seconds .

========================================================================
Received Prepare
Registering precompiled user dll's ...
Registered in 0.010716 seconds.
Begin MonoManager ReloadAssembly
Native extension for WindowsStandalone target not found
Native extension for WebGL target not found
Refreshing native plugins compatible for Editor in 0.61 ms, found 2 plugins.
Preloading 0 native plugins for Editor in 0.00 ms.
Mono: successfully reloaded assembly
- Completed reload, in  2.842 seconds
Domain Reload Profiling:
	ReloadAssembly (2844ms)
		BeginReloadAssembly (281ms)
			ExecutionOrderSort (0ms)
			DisableScriptedObjects (15ms)
			BackupInstance (0ms)
			ReleaseScriptingObjects (0ms)
			CreateAndSetChildDomain (64ms)
		EndReloadAssembly (2382ms)
			LoadAssemblies (239ms)
			RebuildTransferFunctionScriptingTraits (0ms)
			SetupTypeCache (796ms)
			ReleaseScriptCaches (1ms)
			RebuildScriptCaches (123ms)
			SetupLoadedEditorAssemblies (950ms)
				LogAssemblyErrors (0ms)
				InitializePlatformSupportModulesInManaged (13ms)
				SetLoadedEditorAssemblies (1ms)
				RefreshPlugins (1ms)
				BeforeProcessingInitializeOnLoad (168ms)
				ProcessInitializeOnLoadAttributes (745ms)
				ProcessInitializeOnLoadMethodAttributes (7ms)
				AfterProcessingInitializeOnLoad (16ms)
				EditorAssembliesLoaded (0ms)
			ExecutionOrderSort2 (0ms)
			AwakeInstancesAfterBackupRestoration (15ms)
Platform modules already initialized, skipping
Refreshing native plugins compatible for Editor in 0.56 ms, found 2 plugins.
Preloading 0 native plugins for Editor in 0.00 ms.
Unloading 1392 Unused Serialized files (Serialized files now loaded: 0)
System memory in use before: 68.4 MB.
System memory in use after: 68.5 MB.

Unloading 13 unused Assets to reduce memory usage. Loaded Objects now: 1887.
Total: 5.526200 ms (FindLiveObjects: 0.220700 ms CreateObjectMapping: 0.068900 ms MarkObjects: 5.199800 ms  DeleteObjects: 0.034800 ms)

AssetImportParameters requested are different than current active one (requested -> active):
  custom:framework-win-MediaFoundation: 216162199b28c13a410421893ffa2e32 -> 
  custom:video-decoder-ogg-theora: a1e56fd34408186e4bbccfd4996cb3dc -> 
  custom:container-muxer-webm: aa71ff27fc2769a1b78a27578f13a17b -> 
  custom:container-demuxer-webm: 4f35f7cbe854078d1ac9338744f61a02 -> 
  custom:container-demuxer-ogg: 62fdf1f143b41e24485cea50d1cbac27 -> 
  custom:video-encoder-webm-vp8: eb34c28f22e8b96e1ab97ce403110664 -> 
  custom:video-decoder-webm-vp8: 9c59270c3fd7afecdb556c50c9e8de78 -> 
  custom:audio-decoder-ogg-vorbis: bf7c407c2cedff20999df2af8eb42d56 -> 
  custom:audio-encoder-webm-vorbis: bf7c407c2cedff20999df2af8eb42d56 -> 
========================================================================
Received Import Request.
  Time since last request: 573.756483 seconds.
  path: Assets/Material/Crate.mat
  artifactKey: Guid(5aaeb33623e596544ba3e256db2df0af) Importer(815301076,1909f56bfc062723c751e8b465ee728b)
Start importing Assets/Material/Crate.mat using Guid(5aaeb33623e596544ba3e256db2df0af) Importer(815301076,1909f56bfc062723c751e8b465ee728b)  -> (artifact id: '6e3037cbe07d84e52f9374e5a88e872c') in 0.185520 seconds 
  Import took 0.202570 seconds .

========================================================================
Received Import Request.
  Time since last request: 54.513443 seconds.
  path: Assets/Texture/Materials/crate_ao.mat
  artifactKey: Guid(389f1e2c1e567654795883bb3df662a2) Importer(815301076,1909f56bfc062723c751e8b465ee728b)
Start importing Assets/Texture/Materials/crate_ao.mat using Guid(389f1e2c1e567654795883bb3df662a2) Importer(815301076,1909f56bfc062723c751e8b465ee728b)  -> (artifact id: 'a4f589d6000a9eb2af40beebd538c141') in 0.023599 seconds 
  Import took 0.034868 seconds .

========================================================================
Received Import Request.
  Time since last request: 0.000410 seconds.
  path: Assets/Texture/Materials/crate_normal.mat
  artifactKey: Guid(b682fbf2c41d7454fbf530a3313cfaa5) Importer(815301076,1909f56bfc062723c751e8b465ee728b)
Start importing Assets/Texture/Materials/crate_normal.mat using Guid(b682fbf2c41d7454fbf530a3313cfaa5) Importer(815301076,1909f56bfc062723c751e8b465ee728b)  -> (artifact id: '7a019f9bfe64d44304f1b4ba52974c0b') in 0.021860 seconds 
  Import took 0.026203 seconds .

========================================================================
Received Import Request.
  Time since last request: 115.719289 seconds.
  path: Assets/Models for Class/LP_Crate.fbx
  artifactKey: Guid(042671f42913c864e8f00984f63e53f8) Importer(815301076,1909f56bfc062723c751e8b465ee728b)
Start importing Assets/Models for Class/LP_Crate.fbx using Guid(042671f42913c864e8f00984f63e53f8) Importer(815301076,1909f56bfc062723c751e8b465ee728b)  -> (artifact id: '05e4dc46e42ec2a2bc09517c3eadb41f') in 0.111721 seconds 
  Import took 0.116957 seconds .

========================================================================
Received Import Request.
  Time since last request: 646.377373 seconds.
  path: Assets/Texture/textures/crate_normal.png
  artifactKey: Guid(7d7ba21a14ea42a47bf458267b1766cb) Importer(815301076,1909f56bfc062723c751e8b465ee728b)
Start importing Assets/Texture/textures/crate_normal.png using Guid(7d7ba21a14ea42a47bf458267b1766cb) Importer(815301076,1909f56bfc062723c751e8b465ee728b)  -> (artifact id: 'bd1380fc4c87da0bcfea614f668ce31a') in 0.060116 seconds 
  Import took 0.064809 seconds .

AssetImportWorkerClient::OnTransportError - code=2 error=End of file
